# JRE version: OpenJDK Runtime Environment Temurin-21.0.10+7 (21.0.10+7) (build 21.0.10+7-LTS)
# Java VM: OpenJDK 64-Bit Server VM Temurin-21.0.10+7 (21.0.10+7-LTS, mixed mode, sharing, tiered, compressed oops, compressed class ptrs, parallel gc, windows-amd64)
GC Precious Log:
 CardTable entry size: 512
 CPUs: 12 total, 12 available
 Memory: 7528M
 Large Page Support: Disabled
 NUMA Support: Disabled
 Compressed Oops: Enabled (32-bit)
 Alignments: Space 512K, Generation 512K, Heap 2M
 Heap Min Capacity: 100M
 Heap Initial Capacity: 100M
 Heap Max Capacity: 2G
 Pre-touch: Disabled
 Parallel Workers: 10
Heap:
 PSYoungGen      total 9728K, used 4406K [0x00000000d5580000, 0x00000000d6080000, 0x0000000100000000)
  eden space 8704K, 42% used [0x00000000d5580000,0x00000000d5925a10,0x00000000d5e00000)
  from space 1024K, 65% used [0x00000000d5e00000,0x00000000d5ea8000,0x00000000d5f00000)
  to   space 1024K, 0% used [0x00000000d5f80000,0x00000000d5f80000,0x00000000d6080000)
 ParOldGen       total 147968K, used 147903K [0x0000000080000000, 0x0000000089080000, 0x00000000d5580000)
  object space 147968K, 99% used [0x0000000080000000,0x000000008906fe68,0x0000000089080000)
 Metaspace       used 66154K, committed 67712K, reserved 1114112K
  class space    used 6721K, committed 7360K, reserved 1048576K
GC Heap History (20 events):
Event: 32.074 GC heap before
{Heap before GC invocations=135 (full 3):
 PSYoungGen      total 12800K, used 12788K [0x00000000d5580000, 0x00000000d6500000, 0x0000000100000000)
  eden space 11776K, 100% used [0x00000000d5580000,0x00000000d6100000,0x00000000d6100000)
  from space 1024K, 98% used [0x00000000d6180000,0x00000000d627d200,0x00000000d6280000)
  to   space 2048K, 0% used [0x00000000d6300000,0x00000000d6300000,0x00000000d6500000)
 ParOldGen       total 138752K, used 138442K [0x0000000080000000, 0x0000000088780000, 0x00000000d5580000)
  object space 138752K, 99% used [0x0000000080000000,0x0000000088732ba0,0x0000000088780000)
 Metaspace       used 65883K, committed 67520K, reserved 1114112K
  class space    used 6708K, committed 7360K, reserved 1048576K
}
Event: 32.077 GC heap after
{Heap after GC invocations=135 (full 3):
 PSYoungGen      total 12288K, used 2040K [0x00000000d5580000, 0x00000000d6800000, 0x0000000100000000)
  eden space 10240K, 0% used [0x00000000d5580000,0x00000000d5580000,0x00000000d5f80000)
  from space 2048K, 99% used [0x00000000d6300000,0x00000000d64fe1e0,0x00000000d6500000)
  to   space 3584K, 0% used [0x00000000d5f80000,0x00000000d5f80000,0x00000000d6300000)
 ParOldGen       total 139776K, used 139493K [0x0000000080000000, 0x0000000088880000, 0x00000000d5580000)
  object space 139776K, 99% used [0x0000000080000000,0x0000000088839570,0x0000000088880000)
 Metaspace       used 65883K, committed 67520K, reserved 1114112K
  class space    used 6708K, committed 7360K, reserved 1048576K
}
Event: 32.139 GC heap before
{Heap before GC invocations=136 (full 3):
 PSYoungGen      total 12288K, used 12280K [0x00000000d5580000, 0x00000000d6800000, 0x0000000100000000)
  eden space 10240K, 100% used [0x00000000d5580000,0x00000000d5f80000,0x00000000d5f80000)
  from space 2048K, 99% used [0x00000000d6300000,0x00000000d64fe1e0,0x00000000d6500000)
  to   space 3584K, 0% used [0x00000000d5f80000,0x00000000d5f80000,0x00000000d6300000)
 ParOldGen       total 139776K, used 139493K [0x0000000080000000, 0x0000000088880000, 0x00000000d5580000)
  object space 139776K, 99% used [0x0000000080000000,0x0000000088839570,0x0000000088880000)
 Metaspace       used 65904K, committed 67520K, reserved 1114112K
  class space    used 6708K, committed 7360K, reserved 1048576K
}
Event: 32.142 GC heap after
{Heap after GC invocations=136 (full 3):
 PSYoungGen      total 11776K, used 1300K [0x00000000d5580000, 0x00000000d6380000, 0x0000000100000000)
  eden space 10240K, 0% used [0x00000000d5580000,0x00000000d5580000,0x00000000d5f80000)
  from space 1536K, 84% used [0x00000000d5f80000,0x00000000d60c5200,0x00000000d6100000)
  to   space 2048K, 0% used [0x00000000d6180000,0x00000000d6180000,0x00000000d6380000)
 ParOldGen       total 141312K, used 141039K [0x0000000080000000, 0x0000000088a00000, 0x00000000d5580000)
  object space 141312K, 99% used [0x0000000080000000,0x00000000889bbda8,0x0000000088a00000)
 Metaspace       used 65904K, committed 67520K, reserved 1114112K
  class space    used 6708K, committed 7360K, reserved 1048576K
}
Event: 32.217 GC heap before
{Heap before GC invocations=137 (full 3):
 PSYoungGen      total 11776K, used 11540K [0x00000000d5580000, 0x00000000d6380000, 0x0000000100000000)
  eden space 10240K, 100% used [0x00000000d5580000,0x00000000d5f80000,0x00000000d5f80000)
  from space 1536K, 84% used [0x00000000d5f80000,0x00000000d60c5200,0x00000000d6100000)
  to   space 2048K, 0% used [0x00000000d6180000,0x00000000d6180000,0x00000000d6380000)
 ParOldGen       total 141312K, used 141039K [0x0000000080000000, 0x0000000088a00000, 0x00000000d5580000)
  object space 141312K, 99% used [0x0000000080000000,0x00000000889bbda8,0x0000000088a00000)
 Metaspace       used 65910K, committed 67520K, reserved 1114112K
  class space    used 6708K, committed 7360K, reserved 1048576K
}
Event: 32.220 GC heap after
{Heap after GC invocations=137 (full 3):
 PSYoungGen      total 11776K, used 1078K [0x00000000d5580000, 0x00000000d6300000, 0x0000000100000000)
  eden space 10240K, 0% used [0x00000000d5580000,0x00000000d5580000,0x00000000d5f80000)
  from space 1536K, 70% used [0x00000000d6180000,0x00000000d628da18,0x00000000d6300000)
  to   space 1536K, 0% used [0x00000000d5f80000,0x00000000d5f80000,0x00000000d6100000)
 ParOldGen       total 142336K, used 142214K [0x0000000080000000, 0x0000000088b00000, 0x00000000d5580000)
  object space 142336K, 99% used [0x0000000080000000,0x0000000088ae1a18,0x0000000088b00000)
 Metaspace       used 65910K, committed 67520K, reserved 1114112K
  class space    used 6708K, committed 7360K, reserved 1048576K
}
Event: 32.356 GC heap before
{Heap before GC invocations=138 (full 3):
 PSYoungGen      total 11776K, used 11318K [0x00000000d5580000, 0x00000000d6300000, 0x0000000100000000)
  eden space 10240K, 100% used [0x00000000d5580000,0x00000000d5f80000,0x00000000d5f80000)
  from space 1536K, 70% used [0x00000000d6180000,0x00000000d628da18,0x00000000d6300000)
  to   space 1536K, 0% used [0x00000000d5f80000,0x00000000d5f80000,0x00000000d6100000)
 ParOldGen       total 142336K, used 142214K [0x0000000080000000, 0x0000000088b00000, 0x00000000d5580000)
  object space 142336K, 99% used [0x0000000080000000,0x0000000088ae1a18,0x0000000088b00000)
 Metaspace       used 65998K, committed 67584K, reserved 1114112K
  class space    used 6715K, committed 7360K, reserved 1048576K
}
Event: 32.358 GC heap after
{Heap after GC invocations=138 (full 3):
 PSYoungGen      total 11776K, used 688K [0x00000000d5580000, 0x00000000d6200000, 0x0000000100000000)
  eden space 10240K, 0% used [0x00000000d5580000,0x00000000d5580000,0x00000000d5f80000)
  from space 1536K, 44% used [0x00000000d5f80000,0x00000000d602c010,0x00000000d6100000)
  to   space 1024K, 0% used [0x00000000d6100000,0x00000000d6100000,0x00000000d6200000)
 ParOldGen       total 143360K, used 143035K [0x0000000080000000, 0x0000000088c00000, 0x00000000d5580000)
  object space 143360K, 99% used [0x0000000080000000,0x0000000088baecc8,0x0000000088c00000)
 Metaspace       used 65998K, committed 67584K, reserved 1114112K
  class space    used 6715K, committed 7360K, reserved 1048576K
}
Event: 32.436 GC heap before
{Heap before GC invocations=139 (full 3):
 PSYoungGen      total 11776K, used 10928K [0x00000000d5580000, 0x00000000d6200000, 0x0000000100000000)
  eden space 10240K, 100% used [0x00000000d5580000,0x00000000d5f80000,0x00000000d5f80000)
  from space 1536K, 44% used [0x00000000d5f80000,0x00000000d602c010,0x00000000d6100000)
  to   space 1024K, 0% used [0x00000000d6100000,0x00000000d6100000,0x00000000d6200000)
 ParOldGen       total 143360K, used 143035K [0x0000000080000000, 0x0000000088c00000, 0x00000000d5580000)
  object space 143360K, 99% used [0x0000000080000000,0x0000000088baecc8,0x0000000088c00000)
 Metaspace       used 66089K, committed 67648K, reserved 1114112K
  class space    used 6717K, committed 7360K, reserved 1048576K
}
Event: 32.438 GC heap after
{Heap after GC invocations=139 (full 3):
 PSYoungGen      total 10752K, used 1012K [0x00000000d5580000, 0x00000000d6380000, 0x0000000100000000)
  eden space 9728K, 0% used [0x00000000d5580000,0x00000000d5580000,0x00000000d5f00000)
  from space 1024K, 98% used [0x00000000d6100000,0x00000000d61fd220,0x00000000d6200000)
  to   space 2048K, 0% used [0x00000000d5f00000,0x00000000d5f00000,0x00000000d6100000)
 ParOldGen       total 143872K, used 143659K [0x0000000080000000, 0x0000000088c80000, 0x00000000d5580000)
  object space 143872K, 99% used [0x0000000080000000,0x0000000088c4ae80,0x0000000088c80000)
 Metaspace       used 66089K, committed 67648K, reserved 1114112K
  class space    used 6717K, committed 7360K, reserved 1048576K
}
Event: 32.467 GC heap before
{Heap before GC invocations=140 (full 3):
 PSYoungGen      total 10752K, used 10740K [0x00000000d5580000, 0x00000000d6380000, 0x0000000100000000)
  eden space 9728K, 100% used [0x00000000d5580000,0x00000000d5f00000,0x00000000d5f00000)
  from space 1024K, 98% used [0x00000000d6100000,0x00000000d61fd220,0x00000000d6200000)
  to   space 2048K, 0% used [0x00000000d5f00000,0x00000000d5f00000,0x00000000d6100000)
 ParOldGen       total 143872K, used 143659K [0x0000000080000000, 0x0000000088c80000, 0x00000000d5580000)
  object space 143872K, 99% used [0x0000000080000000,0x0000000088c4ae80,0x0000000088c80000)
 Metaspace       used 66095K, committed 67648K, reserved 1114112K
  class space    used 6718K, committed 7360K, reserved 1048576K
}
Event: 32.469 GC heap after
{Heap after GC invocations=140 (full 3):
 PSYoungGen      total 10752K, used 768K [0x00000000d5580000, 0x00000000d6200000, 0x0000000100000000)
  eden space 9728K, 0% used [0x00000000d5580000,0x00000000d5580000,0x00000000d5f00000)
  from space 1024K, 75% used [0x00000000d5f00000,0x00000000d5fc0040,0x00000000d6000000)
  to   space 1536K, 0% used [0x00000000d6080000,0x00000000d6080000,0x00000000d6200000)
 ParOldGen       total 144896K, used 144661K [0x0000000080000000, 0x0000000088d80000, 0x00000000d5580000)
  object space 144896K, 99% used [0x0000000080000000,0x0000000088d454a0,0x0000000088d80000)
 Metaspace       used 66095K, committed 67648K, reserved 1114112K
  class space    used 6718K, committed 7360K, reserved 1048576K
}
Event: 32.507 GC heap before
{Heap before GC invocations=141 (full 3):
 PSYoungGen      total 10752K, used 10496K [0x00000000d5580000, 0x00000000d6200000, 0x0000000100000000)
  eden space 9728K, 100% used [0x00000000d5580000,0x00000000d5f00000,0x00000000d5f00000)
  from space 1024K, 75% used [0x00000000d5f00000,0x00000000d5fc0040,0x00000000d6000000)
  to   space 1536K, 0% used [0x00000000d6080000,0x00000000d6080000,0x00000000d6200000)
 ParOldGen       total 144896K, used 144661K [0x0000000080000000, 0x0000000088d80000, 0x00000000d5580000)
  object space 144896K, 99% used [0x0000000080000000,0x0000000088d454a0,0x0000000088d80000)
 Metaspace       used 66107K, committed 67648K, reserved 1114112K
  class space    used 6718K, committed 7360K, reserved 1048576K
}
Event: 32.509 GC heap after
{Heap after GC invocations=141 (full 3):
 PSYoungGen      total 11264K, used 1130K [0x00000000d5580000, 0x00000000d6200000, 0x0000000100000000)
  eden space 9728K, 0% used [0x00000000d5580000,0x00000000d5580000,0x00000000d5f00000)
  from space 1536K, 73% used [0x00000000d6080000,0x00000000d619a910,0x00000000d6200000)
  to   space 1536K, 0% used [0x00000000d5f00000,0x00000000d5f00000,0x00000000d6080000)
 ParOldGen       total 145408K, used 145341K [0x0000000080000000, 0x0000000088e00000, 0x00000000d5580000)
  object space 145408K, 99% used [0x0000000080000000,0x0000000088def520,0x0000000088e00000)
 Metaspace       used 66107K, committed 67648K, reserved 1114112K
  class space    used 6718K, committed 7360K, reserved 1048576K
}
Event: 32.533 GC heap before
{Heap before GC invocations=142 (full 3):
 PSYoungGen      total 11264K, used 10858K [0x00000000d5580000, 0x00000000d6200000, 0x0000000100000000)
  eden space 9728K, 100% used [0x00000000d5580000,0x00000000d5f00000,0x00000000d5f00000)
  from space 1536K, 73% used [0x00000000d6080000,0x00000000d619a910,0x00000000d6200000)
  to   space 1536K, 0% used [0x00000000d5f00000,0x00000000d5f00000,0x00000000d6080000)
 ParOldGen       total 145408K, used 145341K [0x0000000080000000, 0x0000000088e00000, 0x00000000d5580000)
  object space 145408K, 99% used [0x0000000080000000,0x0000000088def520,0x0000000088e00000)
 Metaspace       used 66112K, committed 67648K, reserved 1114112K
  class space    used 6718K, committed 7360K, reserved 1048576K
}
Event: 32.535 GC heap after
{Heap after GC invocations=142 (full 3):
 PSYoungGen      total 10752K, used 608K [0x00000000d5580000, 0x00000000d6100000, 0x0000000100000000)
  eden space 9728K, 0% used [0x00000000d5580000,0x00000000d5580000,0x00000000d5f00000)
  from space 1024K, 59% used [0x00000000d5f00000,0x00000000d5f98000,0x00000000d6000000)
  to   space 1024K, 0% used [0x00000000d6000000,0x00000000d6000000,0x00000000d6100000)
 ParOldGen       total 146432K, used 146378K [0x0000000080000000, 0x0000000088f00000, 0x00000000d5580000)
  object space 146432K, 99% used [0x0000000080000000,0x0000000088ef2930,0x0000000088f00000)
 Metaspace       used 66112K, committed 67648K, reserved 1114112K
  class space    used 6718K, committed 7360K, reserved 1048576K
}
Event: 32.569 GC heap before
{Heap before GC invocations=143 (full 3):
 PSYoungGen      total 10752K, used 10336K [0x00000000d5580000, 0x00000000d6100000, 0x0000000100000000)
  eden space 9728K, 100% used [0x00000000d5580000,0x00000000d5f00000,0x00000000d5f00000)
  from space 1024K, 59% used [0x00000000d5f00000,0x00000000d5f98000,0x00000000d6000000)
  to   space 1024K, 0% used [0x00000000d6000000,0x00000000d6000000,0x00000000d6100000)
 ParOldGen       total 146432K, used 146378K [0x0000000080000000, 0x0000000088f00000, 0x00000000d5580000)
  object space 146432K, 99% used [0x0000000080000000,0x0000000088ef2930,0x0000000088f00000)
 Metaspace       used 66113K, committed 67648K, reserved 1114112K
  class space    used 6718K, committed 7360K, reserved 1048576K
}
Event: 32.571 GC heap after
{Heap after GC invocations=143 (full 3):
 PSYoungGen      total 9728K, used 996K [0x00000000d5580000, 0x00000000d6300000, 0x0000000100000000)
  eden space 8704K, 0% used [0x00000000d5580000,0x00000000d5580000,0x00000000d5e00000)
  from space 1024K, 97% used [0x00000000d6000000,0x00000000d60f9210,0x00000000d6100000)
  to   space 2048K, 0% used [0x00000000d5e00000,0x00000000d5e00000,0x00000000d6000000)
 ParOldGen       total 146944K, used 146922K [0x0000000080000000, 0x0000000088f80000, 0x00000000d5580000)
  object space 146944K, 99% used [0x0000000080000000,0x0000000088f7a990,0x0000000088f80000)
 Metaspace       used 66113K, committed 67648K, reserved 1114112K
  class space    used 6718K, committed 7360K, reserved 1048576K
}
Event: 32.592 GC heap before
{Heap before GC invocations=144 (full 3):
 PSYoungGen      total 9728K, used 9700K [0x00000000d5580000, 0x00000000d6300000, 0x0000000100000000)
  eden space 8704K, 100% used [0x00000000d5580000,0x00000000d5e00000,0x00000000d5e00000)
  from space 1024K, 97% used [0x00000000d6000000,0x00000000d60f9210,0x00000000d6100000)
  to   space 2048K, 0% used [0x00000000d5e00000,0x00000000d5e00000,0x00000000d6000000)
 ParOldGen       total 146944K, used 146922K [0x0000000080000000, 0x0000000088f80000, 0x00000000d5580000)
  object space 146944K, 99% used [0x0000000080000000,0x0000000088f7a990,0x0000000088f80000)
 Metaspace       used 66113K, committed 67648K, reserved 1114112K
  class space    used 6718K, committed 7360K, reserved 1048576K
}
Event: 32.593 GC heap after
{Heap after GC invocations=144 (full 3):
 PSYoungGen      total 9728K, used 672K [0x00000000d5580000, 0x00000000d6080000, 0x0000000100000000)
  eden space 8704K, 0% used [0x00000000d5580000,0x00000000d5580000,0x00000000d5e00000)
  from space 1024K, 65% used [0x00000000d5e00000,0x00000000d5ea8000,0x00000000d5f00000)
  to   space 1024K, 0% used [0x00000000d5f80000,0x00000000d5f80000,0x00000000d6080000)
 ParOldGen       total 147968K, used 147903K [0x0000000080000000, 0x0000000089080000, 0x00000000d5580000)
  object space 147968K, 99% used [0x0000000080000000,0x000000008906fe68,0x0000000089080000)
 Metaspace       used 66113K, committed 67648K, reserved 1114112K
  class space    used 6718K, committed 7360K, reserved 1048576K
}

